d:\class\graduation-portfolio\김희승\lunatic_project\lunatic project\debug\baseeffect.cso
d:\class\graduation-portfolio\김희승\lunatic_project\lunatic project\debug\characterskinned.cso
d:\class\graduation-portfolio\김희승\lunatic_project\lunatic project\debug\light.cso
d:\class\graduation-portfolio\김희승\lunatic_project\lunatic project\lunaticproject\debug\lunaticproject.res
d:\class\graduation-portfolio\김희승\lunatic_project\lunatic project\debug\lunaticproject.ilk
d:\class\graduation-portfolio\김희승\lunatic_project\lunatic project\debug\lunaticproject.exe
d:\class\graduation-portfolio\김희승\lunatic_project\lunatic project\debug\lunaticproject.pdb
d:\class\graduation-portfolio\김희승\lunatic_project\lunatic project\lunaticproject\debug\lunaticproject.pch
d:\class\graduation-portfolio\김희승\lunatic_project\lunatic project\lunaticproject\debug\vc140.pdb
d:\class\graduation-portfolio\김희승\lunatic_project\lunatic project\lunaticproject\debug\vc140.idb
d:\class\graduation-portfolio\김희승\lunatic_project\lunatic project\lunaticproject\debug\stdafx.obj
d:\class\graduation-portfolio\김희승\lunatic_project\lunatic project\lunaticproject\debug\gameframework.obj
d:\class\graduation-portfolio\김희승\lunatic_project\lunatic project\lunaticproject\debug\lunaticproject.obj
d:\class\graduation-portfolio\김희승\lunatic_project\lunatic project\lunaticproject\debug\camera.obj
d:\class\graduation-portfolio\김희승\lunatic_project\lunatic project\lunaticproject\debug\charactershader.obj
d:\class\graduation-portfolio\김희승\lunatic_project\lunatic project\lunaticproject\debug\cubemesh.obj
d:\class\graduation-portfolio\김희승\lunatic_project\lunatic project\lunaticproject\debug\cubeobject.obj
d:\class\graduation-portfolio\김희승\lunatic_project\lunatic project\lunaticproject\debug\fbxmesh.obj
d:\class\graduation-portfolio\김희승\lunatic_project\lunatic project\lunaticproject\debug\gameobject.obj
d:\class\graduation-portfolio\김희승\lunatic_project\lunatic project\lunaticproject\debug\gametimer.obj
d:\class\graduation-portfolio\김희승\lunatic_project\lunatic project\lunaticproject\debug\healer.obj
d:\class\graduation-portfolio\김희승\lunatic_project\lunatic project\lunaticproject\debug\heromanager.obj
d:\class\graduation-portfolio\김희승\lunatic_project\lunatic project\lunaticproject\debug\mesh.obj
d:\class\graduation-portfolio\김희승\lunatic_project\lunatic project\lunaticproject\debug\player.obj
d:\class\graduation-portfolio\김희승\lunatic_project\lunatic project\lunaticproject\debug\scene.obj
d:\class\graduation-portfolio\김희승\lunatic_project\lunatic project\lunaticproject\debug\serverglobal.obj
d:\class\graduation-portfolio\김희승\lunatic_project\lunatic project\lunaticproject\debug\shader.obj
d:\class\graduation-portfolio\김희승\lunatic_project\lunatic project\lunaticproject\debug\skybox.obj
d:\class\graduation-portfolio\김희승\lunatic_project\lunatic project\lunaticproject\debug\skyboxmesh.obj
d:\class\graduation-portfolio\김희승\lunatic_project\lunatic project\lunaticproject\debug\skyboxshader.obj
d:\class\graduation-portfolio\김희승\lunatic_project\lunatic project\lunaticproject\debug\sordman.obj
d:\class\graduation-portfolio\김희승\lunatic_project\lunatic project\lunaticproject\debug\babarian.obj
d:\class\graduation-portfolio\김희승\lunatic_project\lunatic project\lunaticproject\debug\charactermanager.obj
d:\class\graduation-portfolio\김희승\lunatic_project\lunatic project\lunaticproject\debug\lunaticproject.tlog\cl.command.1.tlog
d:\class\graduation-portfolio\김희승\lunatic_project\lunatic project\lunaticproject\debug\lunaticproject.tlog\fxc.command.1.tlog
d:\class\graduation-portfolio\김희승\lunatic_project\lunatic project\lunaticproject\debug\lunaticproject.tlog\lunaticproject.write.1u.tlog
d:\class\graduation-portfolio\김희승\lunatic_project\lunatic project\lunaticproject\debug\lunaticproject.tlog\link.command.1.tlog
d:\class\graduation-portfolio\김희승\lunatic_project\lunatic project\lunaticproject\debug\lunaticproject.tlog\rc.command.1.tlog
d:\class\graduation-portfolio\김희승\lunatic_project\lunatic project\lunaticproject\debug\lunaticproject.tlog\cl.read.1.tlog
d:\class\graduation-portfolio\김희승\lunatic_project\lunatic project\lunaticproject\debug\lunaticproject.tlog\fxc.read.1.tlog
d:\class\graduation-portfolio\김희승\lunatic_project\lunatic project\lunaticproject\debug\lunaticproject.tlog\rc.read.1.tlog
d:\class\graduation-portfolio\김희승\lunatic_project\lunatic project\lunaticproject\debug\lunaticproject.tlog\rc.write.1.tlog
d:\class\graduation-portfolio\김희승\lunatic_project\lunatic project\lunaticproject\debug\lunaticproject.tlog\link.write.1.tlog
d:\class\graduation-portfolio\김희승\lunatic_project\lunatic project\lunaticproject\debug\lunaticproject.tlog\fxc.write.1.tlog
d:\class\graduation-portfolio\김희승\lunatic_project\lunatic project\lunaticproject\debug\lunaticproject.tlog\link.read.1.tlog
d:\class\graduation-portfolio\김희승\lunatic_project\lunatic project\lunaticproject\debug\lunaticproject.tlog\cl.write.1.tlog
